0 info it worked if it ends with ok
1 verbose cli [ '/usr/local/bin/node',
1 verbose cli   '/usr/local/bin/npm',
1 verbose cli   'install',
1 verbose cli   'requestify' ]
2 info using npm@1.4.28
3 info using node@v0.10.33
4 verbose cache add [ 'requestify', null ]
5 verbose cache add name=undefined spec="requestify" args=["requestify",null]
6 verbose parsed url { protocol: null,
6 verbose parsed url   slashes: null,
6 verbose parsed url   auth: null,
6 verbose parsed url   host: null,
6 verbose parsed url   port: null,
6 verbose parsed url   hostname: null,
6 verbose parsed url   hash: null,
6 verbose parsed url   search: null,
6 verbose parsed url   query: null,
6 verbose parsed url   pathname: 'requestify',
6 verbose parsed url   path: 'requestify',
6 verbose parsed url   href: 'requestify' }
7 silly lockFile 06d9f0ad-requestify requestify
8 verbose lock requestify /home/pi/.npm/06d9f0ad-requestify.lock
9 silly lockFile 06d9f0ad-requestify requestify
10 silly lockFile 06d9f0ad-requestify requestify
11 verbose addNamed [ 'requestify', '' ]
12 verbose addNamed [ null, '*' ]
13 silly lockFile 4cf718e4-requestify requestify@
14 verbose lock requestify@ /home/pi/.npm/4cf718e4-requestify.lock
15 silly addNameRange { name: 'requestify', range: '*', hasData: false }
16 verbose request where is /requestify
17 verbose request registry https://registry.npmjs.org/
18 verbose request id 92ce66bf1100abb3
19 verbose url raw /requestify
20 verbose url resolving [ 'https://registry.npmjs.org/', './requestify' ]
21 verbose url resolved https://registry.npmjs.org/requestify
22 verbose request where is https://registry.npmjs.org/requestify
23 info trying registry request attempt 1 at 14:54:05
24 http GET https://registry.npmjs.org/requestify
25 info retry will retry, error on last attempt: Error: getaddrinfo ENOTFOUND
26 info trying registry request attempt 2 at 14:54:16
27 http GET https://registry.npmjs.org/requestify
28 info retry will retry, error on last attempt: Error: getaddrinfo ENOTFOUND
29 info trying registry request attempt 3 at 14:55:16
30 http GET https://registry.npmjs.org/requestify
31 silly lockFile 4cf718e4-requestify requestify@
32 silly lockFile 4cf718e4-requestify requestify@
33 error network getaddrinfo ENOTFOUND
33 error network This is most likely not a problem with npm itself
33 error network and is related to network connectivity.
33 error network In most cases you are behind a proxy or have bad network settings.
33 error network
33 error network If you are behind a proxy, please make sure that the
33 error network 'proxy' config is set properly.  See: 'npm help config'
34 error System Linux 3.12.28+
35 error command "/usr/local/bin/node" "/usr/local/bin/npm" "install" "requestify"
36 error cwd /home/pi/Desktop
37 error node -v v0.10.33
38 error npm -v 1.4.28
39 error syscall getaddrinfo
40 error code ENOTFOUND
41 error errno ENOTFOUND
42 verbose exit [ 1, true ]
